<?xml version="1.0" encoding="UTF-8"?>
<testsuite xmlns:xsi="http://www.w3.org/2001/XMLSchema-instance" xsi:noNamespaceSchemaLocation="https://maven.apache.org/surefire/maven-surefire-plugin/xsd/surefire-test-report-3.0.xsd" version="3.0" name="com.lastByte.Foro.Hub.ForoHubApplicationTests" time="10.708" tests="1" errors="0" skipped="0" failures="0">
  <properties>
[...]
</properties>
  <testcase name="contextLoads" classname="com.lastByte.Foro.Hub.ForoHubApplicationTests" time="0.02">
    <system-out><![CDATA[03:09:45.476 [main] INFO org.springframework.test.context.support.AnnotationConfigContextLoaderUtils -- Could not detect default configuration classes for test class [com.lastByte.Foro.Hub.ForoHubApplicationTests]: ForoHubApplicationTests does not declare any static, non-private, non-final, nested classes annotated with @Configuration.
03:09:45.674 [main] INFO org.springframework.boot.test.context.SpringBootTestContextBootstrapper -- Found @SpringBootConfiguration com.lastByte.Foro.Hub.ForoHubApplication for test class com.lastByte.Foro.Hub.ForoHubApplicationTests
03:09:45.921 [main] INFO org.springframework.boot.devtools.restart.RestartApplicationListener -- Restart disabled due to context in which it is running

  .   ____          _            __ _ _
 /\\ / ___'_ __ _ _(_)_ __  __ _ \ \ \ \
( ( )\___ | '_ | '_| | '_ \/ _` | \ \ \ \
 \\/  ___)| |_)| | | | | || (_| |  ) ) ) )
  '  |____| .__|_| |_|_| |_\__, | / / / /
 =========|_|==============|___/=/_/_/_/

 :: Spring Boot ::                (v3.3.1)

2024-08-18T03:09:46.368-03:00  INFO 6672 --- [Foro-Hub] [           main] c.l.Foro.Hub.ForoHubApplicationTests     : Starting ForoHubApplicationTests using Java 21.0.1 with PID 6672 (started by Matias Insaurralde in C:\Users\Matias Insaurralde\Desktop\Back-Ends JAVA\Foro Hub\Foro-Hub)
2024-08-18T03:09:46.370-03:00  INFO 6672 --- [Foro-Hub] [           main] c.l.Foro.Hub.ForoHubApplicationTests     : The following 1 profile is active: "dev"
2024-08-18T03:09:49.011-03:00  INFO 6672 --- [Foro-Hub] [           main] .s.d.r.c.RepositoryConfigurationDelegate : Bootstrapping Spring Data JPA repositories in DEFAULT mode.
2024-08-18T03:09:49.213-03:00  INFO 6672 --- [Foro-Hub] [           main] .s.d.r.c.RepositoryConfigurationDelegate : Finished Spring Data repository scanning in 167 ms. Found 6 JPA repository interfaces.
2024-08-18T03:09:50.413-03:00  INFO 6672 --- [Foro-Hub] [           main] com.zaxxer.hikari.HikariDataSource       : HikariPool-1 - Starting...
2024-08-18T03:09:50.981-03:00  INFO 6672 --- [Foro-Hub] [           main] com.zaxxer.hikari.pool.HikariPool        : HikariPool-1 - Added connection com.mysql.cj.jdbc.ConnectionImpl@3e55eeb9
2024-08-18T03:09:50.984-03:00  INFO 6672 --- [Foro-Hub] [           main] com.zaxxer.hikari.HikariDataSource       : HikariPool-1 - Start completed.
2024-08-18T03:09:51.063-03:00  INFO 6672 --- [Foro-Hub] [           main] org.flywaydb.core.FlywayExecutor         : Database: jdbc:mysql://localhost:3306/foro_hub (MySQL 8.0)
2024-08-18T03:09:51.196-03:00  INFO 6672 --- [Foro-Hub] [           main] o.f.core.internal.command.DbValidate     : Successfully validated 9 migrations (execution time 00:00.081s)
2024-08-18T03:09:51.234-03:00  INFO 6672 --- [Foro-Hub] [           main] o.f.core.internal.command.DbMigrate      : Current version of schema `foro_hub`: 9
2024-08-18T03:09:51.239-03:00  INFO 6672 --- [Foro-Hub] [           main] o.f.core.internal.command.DbMigrate      : Schema `foro_hub` is up to date. No migration necessary.
2024-08-18T03:09:51.466-03:00  INFO 6672 --- [Foro-Hub] [           main] o.hibernate.jpa.internal.util.LogHelper  : HHH000204: Processing PersistenceUnitInfo [name: default]
2024-08-18T03:09:51.658-03:00  INFO 6672 --- [Foro-Hub] [           main] org.hibernate.Version                    : HHH000412: Hibernate ORM core version 6.5.2.Final
2024-08-18T03:09:51.764-03:00  INFO 6672 --- [Foro-Hub] [           main] o.h.c.internal.RegionFactoryInitiator    : HHH000026: Second-level cache disabled
2024-08-18T03:09:52.010-03:00  INFO 6672 --- [Foro-Hub] [           main] o.s.o.j.p.SpringPersistenceUnitInfo      : No LoadTimeWeaver setup: ignoring JPA class transformer
2024-08-18T03:09:53.468-03:00  INFO 6672 --- [Foro-Hub] [           main] o.h.e.t.j.p.i.JtaPlatformInitiator       : HHH000489: No JTA platform available (set 'hibernate.transaction.jta.platform' to enable JTA platform integration)
2024-08-18T03:09:53.603-03:00  INFO 6672 --- [Foro-Hub] [           main] j.LocalContainerEntityManagerFactoryBean : Initialized JPA EntityManagerFactory for persistence unit 'default'
2024-08-18T03:09:54.050-03:00  INFO 6672 --- [Foro-Hub] [           main] o.s.d.j.r.query.QueryEnhancerFactory     : Hibernate is in classpath; If applicable, HQL parser will be used.
2024-08-18T03:09:54.701-03:00  WARN 6672 --- [Foro-Hub] [           main] JpaBaseConfiguration$JpaWebConfiguration : spring.jpa.open-in-view is enabled by default. Therefore, database queries may be performed during view rendering. Explicitly configure spring.jpa.open-in-view to disable this warning
2024-08-18T03:09:54.770-03:00  INFO 6672 --- [Foro-Hub] [           main] eAuthenticationProviderManagerConfigurer : Global AuthenticationManager configured with AuthenticationProvider bean with name authenticationProvider
2024-08-18T03:09:54.771-03:00  WARN 6672 --- [Foro-Hub] [           main] r$InitializeUserDetailsManagerConfigurer : Global AuthenticationManager configured with an AuthenticationProvider bean. UserDetailsService beans will not be used for username/password login. Consider removing the AuthenticationProvider bean. Alternatively, consider using the UserDetailsService in a manually instantiated DaoAuthenticationProvider.
2024-08-18T03:09:55.848-03:00  INFO 6672 --- [Foro-Hub] [           main] c.l.Foro.Hub.ForoHubApplicationTests     : Started ForoHubApplicationTests in 9.949 seconds (process running for 13.834)
]]></system-out>
  </testcase>
</testsuite>